{"name": "test_sub1", "status": "failed", "statusDetails": {"message": "AssertionError: assert (2 + 2) == 3", "trace": "def test_sub1():\n>       assert 2 + 2 == 3\nE       assert (2 + 2) == 3\n\nMar/22_March_2024/test_lab152.py:6: AssertionError"}, "start": 1711074228358, "stop": 1711074228360, "uuid": "72151fbd-d18f-499a-aa85-9aa247550d16", "historyId": "3c5255fab2ab2176e8d56689e5c49dd7", "testCaseId": "3c5255fab2ab2176e8d56689e5c49dd7", "fullName": "Mar.22_March_2024.test_lab152#test_sub1", "labels": [{"name": "parentSuite", "value": "Mar.22_March_2024"}, {"name": "suite", "value": "test_lab152"}, {"name": "host", "value": "MBP-C02DRR20MD6M"}, {"name": "thread", "value": "91360-MainThread"}, {"name": "framework", "value": "pytest"}, {"name": "language", "value": "cpython3"}, {"name": "package", "value": "Mar.22_March_2024.test_lab152"}]}